<?xml version="1.0" encoding="UTF-8"?>
<!-- Generated by org.testng.reporters.JUnitXMLReporter -->
<testsuite hostname="BojanJoci" ignored="0" name="Default test" tests="8" failures="0" timestamp="2020-04-03T12:14:23 CEST" time="57.878" errors="0">
  <testcase name="dressesToSummerDresses" time="2.025" classname="pagetests.HomePageTest"/>
  <testcase name="twoMethodsURLTest" time="3.961" classname="pagetests.HomePageTest"/>
  <testcase name="womenToSummerDresses" time="1.7" classname="pagetests.HomePageTest"/>
  <testcase name="colorTest" time="0.054" classname="pagetests.CartTest"/>
  <testcase name="descriptionTest" time="0.035" classname="pagetests.CartTest"/>
  <testcase name="quantityTest" time="0.127" classname="pagetests.CartTest"/>
  <testcase name="sizeTest" time="0.031" classname="pagetests.CartTest"/>
  <testcase name="logInUser" time="8.721" classname="pagetests.ManualLogInTest"/>
</testsuite> <!-- Default test -->
