<?xml version="1.0" encoding="UTF-8"?>
<!-- Generated by org.testng.reporters.JUnitXMLReporter -->
<testsuite hostname="BojanJoci" ignored="0" name="Page tests" tests="7" failures="0" timestamp="2020-04-03T13:13:02 CEST" time="50.719" errors="0">
  <testcase name="dressesToSummerDresses" time="3.314" classname="pagetests.HomePageTest"/>
  <testcase name="twoMethodsURLTest" time="7.001" classname="pagetests.HomePageTest"/>
  <testcase name="womenToSummerDresses" time="4.001" classname="pagetests.HomePageTest"/>
  <testcase name="colorTest" time="0.045" classname="pagetests.CartTest"/>
  <testcase name="descriptionTest" time="0.035" classname="pagetests.CartTest"/>
  <testcase name="quantityTest" time="0.128" classname="pagetests.CartTest"/>
  <testcase name="sizeTest" time="0.028" classname="pagetests.CartTest"/>
</testsuite> <!-- Page tests -->
