<?xml version="1.0" encoding="UTF-8"?>
<!-- Generated by org.testng.reporters.JUnitXMLReporter -->
<testsuite hostname="BojanJoci" ignored="0" name="TestGroup1" tests="8" failures="0" timestamp="2020-04-03T12:17:55 CEST" time="62.715" errors="0">
  <testcase name="dressesToSummerDresses" time="2.243" classname="pagetests.HomePageTest"/>
  <testcase name="twoMethodsURLTest" time="4.78" classname="pagetests.HomePageTest"/>
  <testcase name="womenToSummerDresses" time="1.37" classname="pagetests.HomePageTest"/>
  <testcase name="colorTest" time="0.049" classname="pagetests.CartTest"/>
  <testcase name="descriptionTest" time="0.041" classname="pagetests.CartTest"/>
  <testcase name="quantityTest" time="0.131" classname="pagetests.CartTest"/>
  <testcase name="sizeTest" time="0.019" classname="pagetests.CartTest"/>
  <testcase name="logInUser" time="8.51" classname="pagetests.ManualLogInTest"/>
</testsuite> <!-- TestGroup1 -->
